2025-09-07 18:05:43,472 - INFO - Roblox is open.
2025-09-07 18:05:48,496 - INFO - Using log file: /Users/sxla/Library/Logs/Roblox/0.689.0.6890885_20250907T142954Z_Player_359a7_last.log
2025-09-07 20:01:39,455 - INFO - Roblox is open.
2025-09-07 20:01:44,490 - INFO - Using log file: /Users/sxla/Library/Logs/Roblox/0.689.0.6890885_20250907T142954Z_Player_359a7_last.log
2025-09-07 20:37:10,684 - INFO - Roblox is open.
2025-09-07 20:37:15,704 - INFO - Using log file: /Users/sxla/Library/Logs/Roblox/0.689.0.6890885_20250907T142954Z_Player_359a7_last.log
2025-09-08 18:01:46,019 - INFO - Using log file: /Users/sxla/Library/Logs/Roblox/0.689.0.6890885_20250908T170141Z_Player_393df_last.log
2025-09-08 20:23:35,211 - INFO - Roblox is open.
2025-09-08 20:23:40,231 - INFO - Using log file: /Users/sxla/Library/Logs/Roblox/0.689.0.6890885_20250908T175203Z_Player_16ab0_last.log
2025-09-08 20:26:17,344 - INFO - Roblox is open.
2025-09-08 20:26:22,349 - INFO - Using log file: /Users/sxla/Library/Logs/Roblox/0.689.0.6890885_20250908T175203Z_Player_16ab0_last.log
2025-09-08 20:35:15,073 - INFO - Roblox is open.
2025-09-08 20:35:20,080 - INFO - Using log file: /Users/sxla/Library/Logs/Roblox/0.689.0.6890885_20250908T175203Z_Player_16ab0_last.log
2025-09-08 20:36:33,962 - INFO - Roblox is open.
2025-09-08 20:36:38,969 - INFO - Using log file: /Users/sxla/Library/Logs/Roblox/0.689.0.6890885_20250908T175203Z_Player_16ab0_last.log
2025-09-08 20:42:05,525 - INFO - Roblox is open.
2025-09-08 20:42:10,538 - INFO - Using log file: /Users/sxla/Library/Logs/Roblox/0.689.0.6890885_20250908T175203Z_Player_16ab0_last.log
2025-09-08 20:47:21,811 - INFO - Roblox is open.
2025-09-08 20:47:26,832 - INFO - Using log file: /Users/sxla/Library/Logs/Roblox/0.689.0.6890885_20250908T175203Z_Player_16ab0_last.log
2025-09-08 20:58:52,102 - INFO - Roblox is open.
2025-09-08 20:58:57,109 - INFO - Using log file: /Users/sxla/Library/Logs/Roblox/0.689.0.6890885_20250908T175203Z_Player_16ab0_last.log
2025-09-08 21:11:15,996 - INFO - Roblox is open.
2025-09-08 21:11:21,015 - INFO - Using log file: /Users/sxla/Library/Logs/Roblox/0.689.0.6890885_20250908T175203Z_Player_16ab0_last.log
2025-09-08 21:28:28,999 - INFO - Roblox is open.
2025-09-08 21:28:34,006 - INFO - Using log file: /Users/sxla/Library/Logs/Roblox/0.689.0.6890885_20250908T175203Z_Player_16ab0_last.log
2025-09-09 06:37:37,871 - INFO - Roblox is open.
2025-09-09 06:37:42,886 - INFO - Using log file: /Users/sxla/Library/Logs/Roblox/0.689.0.6890885_20250908T175203Z_Player_16ab0_last.log
2025-09-09 18:28:16,419 - INFO - Roblox is open.
2025-09-09 18:28:21,434 - INFO - Using log file: /Users/sxla/Library/Logs/Roblox/0.689.0.6890885_20250908T175203Z_Player_16ab0_last.log
2025-09-10 19:28:15,600 - INFO - Roblox is open.
2025-09-10 19:28:20,615 - INFO - Using log file: /Users/sxla/Library/Logs/Roblox/0.689.0.6890885_20250910T181820Z_Player_7f882_last.log
2025-09-10 19:29:09,469 - INFO - Roblox is open.
2025-09-10 19:29:14,476 - INFO - Using log file: /Users/sxla/Library/Logs/Roblox/0.689.0.6890885_20250910T181820Z_Player_7f882_last.log
2025-09-11 17:35:53,949 - INFO - Config file not found, creating one...
2025-09-11 17:37:20,225 - ERROR - Uncaught exception: 'Webhook'
NoneType: None
2025-09-11 17:37:26,386 - ERROR - Uncaught exception: 'Webhook'
NoneType: None
2025-09-11 17:37:31,145 - ERROR - Uncaught exception: 'Webhook'
NoneType: None
2025-09-11 17:37:39,416 - ERROR - Uncaught exception: 'Webhook'
NoneType: None
2025-09-11 17:38:20,954 - ERROR - Uncaught exception: 'Webhook'
NoneType: None
2025-09-11 17:39:11,541 - ERROR - Uncaught exception: 'Webhook'
NoneType: None
2025-09-11 17:39:46,619 - INFO - Config file not found, creating one...
2025-09-12 20:18:32,909 - ERROR - Uncaught exception: 'discord_user_id'
NoneType: None
2025-09-12 20:18:47,879 - INFO - Config file not found, creating one...
2025-09-12 20:18:47,941 - ERROR - Uncaught exception: 'min_rarity_to_ping'
NoneType: None
2025-09-12 20:19:44,129 - INFO - Config file not found, creating one...
2025-09-12 20:23:44,738 - ERROR - Uncaught exception: 'Webhook'
NoneType: None
2025-09-12 20:24:19,111 - INFO - Config file not found, creating one...
2025-09-12 20:28:01,922 - INFO - Roblox is open.
2025-09-12 20:28:06,928 - INFO - Using log file: /Users/sxla/Library/Logs/Roblox/0.690.0.6900721_20250912T165034Z_Player_25a98_last.log
2025-09-12 20:42:13,575 - ERROR - Uncaught exception: 'Webhook'
NoneType: None
2025-09-12 20:42:37,945 - INFO - Config file not found, creating one...
2025-09-13 12:17:23,986 - INFO - Roblox is open.
2025-09-13 12:17:28,994 - INFO - Using log file: /Users/sxla/Library/Logs/Roblox/0.690.0.6900721_20250913T111511Z_Player_d1c11_last.log
2025-09-13 12:19:14,020 - INFO - Roblox is open.
2025-09-13 12:19:19,026 - INFO - Using log file: /Users/sxla/Library/Logs/Roblox/0.690.0.6900721_20250913T111511Z_Player_d1c11_last.log
2025-09-13 12:29:15,854 - INFO - Roblox is open.
2025-09-13 12:29:20,860 - INFO - Using log file: /Users/sxla/Library/Logs/Roblox/0.690.0.6900721_20250913T111511Z_Player_d1c11_last.log
2025-09-13 12:36:18,351 - INFO - Roblox is open.
2025-09-13 12:36:23,377 - INFO - Using log file: /Users/sxla/Library/Logs/Roblox/0.690.0.6900721_20250913T113016Z_Player_7d132_last.log
2025-09-13 12:38:53,655 - INFO - Roblox is open.
2025-09-13 12:38:58,660 - INFO - Using log file: /Users/sxla/Library/Logs/Roblox/0.690.0.6900721_20250913T113016Z_Player_7d132_last.log
2025-09-13 12:57:04,310 - INFO - Roblox is open.
2025-09-13 12:57:09,323 - INFO - Using log file: /Users/sxla/Library/Logs/Roblox/0.690.0.6900721_20250913T113016Z_Player_7d132_last.log
2025-09-13 13:02:28,386 - INFO - Config file not found, creating one...
2025-09-20 17:15:19,089 - INFO - Roblox is open.
2025-09-20 17:15:24,098 - INFO - Using log file: /Users/sxla/Library/Logs/Roblox/0.691.0.6910867_20250920T153526Z_Player_841af_last.log
2025-09-20 21:19:28,417 - INFO - Roblox is open.
2025-09-20 21:19:33,431 - INFO - Using log file: /Users/sxla/Library/Logs/Roblox/0.691.0.6910867_20250920T175417Z_Player_b0b88_last.log
2025-09-21 17:29:01,104 - INFO - Roblox is open.
2025-09-21 17:29:06,113 - INFO - Using log file: /Users/sxla/Library/Logs/Roblox/0.691.0.6910867_20250921T155626Z_Player_9b5e4_last.log
2025-09-22 16:40:08,811 - INFO - Using log file: /Users/sxla/Library/Logs/Roblox/0.691.0.6910867_20250922T154004Z_Player_667ba_last.log
2025-09-22 20:33:57,543 - INFO - Roblox is open.
2025-09-22 20:34:02,549 - INFO - Using log file: /Users/sxla/Library/Logs/Roblox/0.691.0.6910867_20250922T154004Z_Player_667ba_last.log
2025-09-23 20:54:17,845 - INFO - Roblox is open.
2025-09-23 20:54:22,849 - INFO - Using log file: /Users/sxla/Library/Logs/Roblox/0.691.0.6910867_20250923T171737Z_Studio_ab8e7_last.log
2025-09-24 06:52:49,098 - INFO - Roblox is open.
2025-09-24 06:52:54,103 - INFO - Using log file: /Users/sxla/Library/Logs/Roblox/0.691.0.6910867_20250923T170510Z_Player_1f900_last.log
2025-09-24 06:53:26,664 - INFO - Roblox is open.
2025-09-24 06:53:31,667 - INFO - Using log file: /Users/sxla/Library/Logs/Roblox/0.691.0.6910867_20250923T170510Z_Player_1f900_last.log
2025-09-24 16:45:31,810 - INFO - Roblox is open.
2025-09-24 16:45:36,814 - INFO - Using log file: /Users/sxla/Library/Logs/Roblox/0.691.0.6910867_20250923T170510Z_Player_1f900_last.log
2025-09-24 20:38:40,643 - INFO - Roblox is open.
2025-09-24 20:38:45,659 - INFO - Using log file: /Users/sxla/Library/Logs/Roblox/0.691.0.6910867_20250924T171833Z_Player_2e922_last.log
2025-09-25 20:34:03,383 - INFO - Roblox is open.
2025-09-25 20:34:08,387 - INFO - Using log file: /Users/sxla/Library/Logs/Roblox/0.692.0.6920844_20250925T180919Z_Player_dfa20_last.log
2025-09-26 21:06:00,462 - INFO - Roblox is open.
2025-09-26 21:06:05,475 - INFO - Using log file: /Users/sxla/Library/Logs/Roblox/0.692.0.6920844_20250926T200211Z_Player_ff577_last.log
2025-09-27 07:02:53,501 - INFO - Roblox is open.
2025-09-27 07:02:58,514 - INFO - Using log file: /Users/sxla/Library/Logs/Roblox/0.692.0.6920844_20250926T200211Z_Player_ff577_last.log
2025-09-27 11:12:10,505 - INFO - Roblox is open.
2025-09-27 11:12:15,511 - INFO - Using log file: /Users/sxla/Library/Logs/Roblox/0.692.0.6920844_20250927T065314Z_Player_4917e_last.log
2025-09-27 14:49:42,614 - INFO - Roblox is open.
2025-09-27 14:49:47,623 - INFO - Using log file: /Users/sxla/Library/Logs/Roblox/0.692.0.6920844_20250927T065314Z_Player_4917e_last.log
2025-09-27 22:02:55,703 - INFO - Roblox is open.
2025-09-27 22:03:00,713 - INFO - Using log file: /Users/sxla/Library/Logs/Roblox/0.692.0.6920844_20250927T160320Z_Player_24e17_last.log
2025-09-28 20:05:13,685 - INFO - Roblox is open.
2025-09-28 20:05:18,705 - INFO - Using log file: /Users/sxla/Library/Logs/Roblox/0.692.0.6920844_20250928T171604Z_Player_9eb3f_last.log
2025-09-30 06:31:51,165 - INFO - Roblox is open.
2025-09-30 06:31:56,292 - INFO - Using log file: /Users/sxla/Library/Logs/Roblox/0.692.0.6920844_20250928T171604Z_Player_9eb3f_last.log
2025-09-30 22:04:59,671 - INFO - Roblox is open.
2025-09-30 22:05:04,679 - INFO - Using log file: /Users/sxla/Library/Logs/Roblox/0.692.0.6920844_20250928T171604Z_Player_9eb3f_last.log
2025-10-01 03:40:20,092 - ERROR - Webhook status code 503: {"message": "503: Service Unavailable", "code": 0}
2025-10-01 20:20:22,006 - INFO - Roblox is open.
2025-10-01 20:20:27,017 - INFO - Using log file: /Users/sxla/Library/Logs/Roblox/0.692.0.6920844_20251001T154154Z_Player_ef07e_last.log
2025-10-02 15:50:54,425 - INFO - Using log file: /Users/sxla/Library/Logs/Roblox/0.693.0.6930961_20251002T145051Z_Player_ebebb_last.log
2025-10-02 21:15:51,433 - INFO - Roblox is open.
2025-10-02 21:15:56,442 - INFO - Using log file: /Users/sxla/Library/Logs/Roblox/0.693.0.6930961_20251002T145051Z_Player_ebebb_last.log
2025-10-03 01:01:01,665 - ERROR - Webhook status code 503: upstream connect error or disconnect/reset before headers. reset reason: remote connection failure, transport failure reason: immediate connect error: Connection refused
2025-10-03 01:57:28,314 - ERROR - Webhook status code 503: upstream connect error or disconnect/reset before headers. reset reason: connection termination
2025-10-04 00:11:28,918 - INFO - Roblox is open.
2025-10-04 00:11:33,926 - INFO - Using log file: /Users/sxla/Library/Logs/Roblox/0.693.0.6930961_20251003T185359Z_Player_db2db_last.log
2025-10-04 22:42:14,068 - INFO - Roblox is open.
2025-10-04 22:42:19,079 - INFO - Using log file: /Users/sxla/Library/Logs/Roblox/0.693.0.6930961_20251004T180908Z_Player_53911_last.log
2025-10-05 21:59:00,588 - INFO - Roblox is open.
2025-10-05 21:59:06,444 - INFO - Using log file: /Users/sxla/Library/Logs/Roblox/0.693.0.6930961_20251004T180908Z_Player_53911_last.log
2025-10-06 04:04:54,744 - ERROR - Webhook status code 503: upstream connect error or disconnect/reset before headers. reset reason: connection termination
2025-10-06 21:15:40,870 - INFO - Roblox is open.
2025-10-06 21:15:45,884 - INFO - Using log file: /Users/sxla/Library/Logs/Roblox/0.693.0.6930961_20251006T164655Z_Player_52e77_last.log
2025-10-07 21:53:10,097 - INFO - Roblox is open.
2025-10-07 21:53:15,112 - INFO - Using log file: /Users/sxla/Library/Logs/Roblox/0.693.0.6930961_20251007T174147Z_Player_c27fa_last.log
2025-10-08 22:12:04,354 - INFO - Roblox is open.
2025-10-08 22:12:09,359 - INFO - Using log file: /Users/sxla/Library/Logs/Roblox/0.694.0.6940982_20251008T202620Z_Player_a76d7_last.log
2025-10-08 22:13:17,706 - INFO - Using log file: /Users/sxla/Library/Logs/Roblox/0.694.0.6940982_20251008T202620Z_Player_a76d7_last.log
2025-10-08 22:13:48,609 - INFO - Roblox is open.
2025-10-08 22:13:53,615 - INFO - Using log file: /Users/sxla/Library/Logs/Roblox/0.694.0.6940982_20251008T202620Z_Player_a76d7_last.log
2025-10-08 22:14:24,673 - INFO - Roblox is open.
2025-10-08 22:14:29,678 - INFO - Using log file: /Users/sxla/Library/Logs/Roblox/0.694.0.6940982_20251008T202620Z_Player_a76d7_last.log
2025-10-08 22:15:23,814 - INFO - Roblox is open.
2025-10-08 22:15:28,818 - INFO - Using log file: /Users/sxla/Library/Logs/Roblox/0.694.0.6940982_20251008T202620Z_Player_a76d7_last.log
2025-10-08 22:19:20,898 - INFO - Roblox is open.
2025-10-08 22:19:30,510 - INFO - Using log file: /Users/sxla/Library/Logs/Roblox/0.694.0.6940982_20251008T211847Z_Player_a3f84_last.log
2025-10-09 23:37:38,487 - INFO - Roblox is open.
2025-10-09 23:37:43,497 - INFO - Using log file: /Users/sxla/Library/Logs/Roblox/0.694.0.6940982_20251009T214245Z_Player_a3695_last.log
2025-10-11 00:12:45,896 - INFO - Roblox is open.
2025-10-11 00:12:50,908 - INFO - Using log file: /Users/sxla/Library/Logs/Roblox/0.694.0.6940982_20251009T214245Z_Player_a3695_last.log
2025-10-11 00:13:19,053 - INFO - Using log file: /Users/sxla/Library/Logs/Roblox/0.694.0.6940982_20251010T231314Z_Player_1bcfa_last.log
2025-10-11 00:13:55,769 - INFO - Using log file: /Users/sxla/Library/Logs/Roblox/0.694.0.6940982_20251010T231351Z_Player_9c42b_last.log
2025-10-11 01:06:34,611 - ERROR - Webhook status code 500: {"message": "500: Internal Server Error", "code": 0}
2025-12-12 18:02:28,595 - INFO - Config file not found, creating one...
2025-12-12 18:07:57,048 - ERROR - Webhook status code 401: {"message": "Invalid Webhook Token", "code": 50027}
2026-01-18 00:07:26,104 - ERROR - Webhook status code 503: upstream connect error or disconnect/reset before headers. reset reason: connection termination
